Pig Stack Trace
---------------
ERROR 101: file 'lib/compute_metrics.jar' does not exist.

org.apache.pig.backend.executionengine.ExecException: ERROR 101: file 'lib/compute_metrics.jar' does not exist.
	at org.apache.pig.impl.io.FileLocalizer.fetchFilesInternal(FileLocalizer.java:794)
	at org.apache.pig.impl.io.FileLocalizer.fetchFiles(FileLocalizer.java:746)
	at org.apache.pig.PigServer.registerJar(PigServer.java:458)
	at org.apache.pig.tools.grunt.GruntParser.processRegister(GruntParser.java:433)
	at org.apache.pig.tools.pigscript.parser.PigScriptParser.parse(PigScriptParser.java:445)
	at org.apache.pig.tools.grunt.GruntParser.parseStopOnError(GruntParser.java:194)
	at org.apache.pig.tools.grunt.GruntParser.parseStopOnError(GruntParser.java:170)
	at org.apache.pig.tools.grunt.Grunt.run(Grunt.java:69)
	at org.apache.pig.Main.run(Main.java:538)
	at org.apache.pig.Main.main(Main.java:157)
	at sun.reflect.NativeMethodAccessorImpl.invoke0(Native Method)
	at sun.reflect.NativeMethodAccessorImpl.invoke(NativeMethodAccessorImpl.java:39)
	at sun.reflect.DelegatingMethodAccessorImpl.invoke(DelegatingMethodAccessorImpl.java:25)
	at java.lang.reflect.Method.invoke(Method.java:597)
	at org.apache.hadoop.util.RunJar.main(RunJar.java:208)
================================================================================
Pig Stack Trace
---------------
ERROR 101: file 'lib/jhbasic.jar' does not exist.

org.apache.pig.backend.executionengine.ExecException: ERROR 101: file 'lib/jhbasic.jar' does not exist.
	at org.apache.pig.impl.io.FileLocalizer.fetchFilesInternal(FileLocalizer.java:794)
	at org.apache.pig.impl.io.FileLocalizer.fetchFiles(FileLocalizer.java:746)
	at org.apache.pig.PigServer.registerJar(PigServer.java:458)
	at org.apache.pig.tools.grunt.GruntParser.processRegister(GruntParser.java:433)
	at org.apache.pig.tools.pigscript.parser.PigScriptParser.parse(PigScriptParser.java:445)
	at org.apache.pig.tools.grunt.GruntParser.parseStopOnError(GruntParser.java:194)
	at org.apache.pig.tools.grunt.GruntParser.parseStopOnError(GruntParser.java:170)
	at org.apache.pig.tools.grunt.Grunt.run(Grunt.java:69)
	at org.apache.pig.Main.run(Main.java:538)
	at org.apache.pig.Main.main(Main.java:157)
	at sun.reflect.NativeMethodAccessorImpl.invoke0(Native Method)
	at sun.reflect.NativeMethodAccessorImpl.invoke(NativeMethodAccessorImpl.java:39)
	at sun.reflect.DelegatingMethodAccessorImpl.invoke(DelegatingMethodAccessorImpl.java:25)
	at java.lang.reflect.Method.invoke(Method.java:597)
	at org.apache.hadoop.util.RunJar.main(RunJar.java:208)
================================================================================
Pig Stack Trace
---------------
ERROR 101: file 'lib/javancss.jar' does not exist.

org.apache.pig.backend.executionengine.ExecException: ERROR 101: file 'lib/javancss.jar' does not exist.
	at org.apache.pig.impl.io.FileLocalizer.fetchFilesInternal(FileLocalizer.java:794)
	at org.apache.pig.impl.io.FileLocalizer.fetchFiles(FileLocalizer.java:746)
	at org.apache.pig.PigServer.registerJar(PigServer.java:458)
	at org.apache.pig.tools.grunt.GruntParser.processRegister(GruntParser.java:433)
	at org.apache.pig.tools.pigscript.parser.PigScriptParser.parse(PigScriptParser.java:445)
	at org.apache.pig.tools.grunt.GruntParser.parseStopOnError(GruntParser.java:194)
	at org.apache.pig.tools.grunt.GruntParser.parseStopOnError(GruntParser.java:170)
	at org.apache.pig.tools.grunt.Grunt.run(Grunt.java:69)
	at org.apache.pig.Main.run(Main.java:538)
	at org.apache.pig.Main.main(Main.java:157)
	at sun.reflect.NativeMethodAccessorImpl.invoke0(Native Method)
	at sun.reflect.NativeMethodAccessorImpl.invoke(NativeMethodAccessorImpl.java:39)
	at sun.reflect.DelegatingMethodAccessorImpl.invoke(DelegatingMethodAccessorImpl.java:25)
	at java.lang.reflect.Method.invoke(Method.java:597)
	at org.apache.hadoop.util.RunJar.main(RunJar.java:208)
================================================================================
Pig Stack Trace
---------------
ERROR 101: file 'lib/ccl.jar' does not exist.

org.apache.pig.backend.executionengine.ExecException: ERROR 101: file 'lib/ccl.jar' does not exist.
	at org.apache.pig.impl.io.FileLocalizer.fetchFilesInternal(FileLocalizer.java:794)
	at org.apache.pig.impl.io.FileLocalizer.fetchFiles(FileLocalizer.java:746)
	at org.apache.pig.PigServer.registerJar(PigServer.java:458)
	at org.apache.pig.tools.grunt.GruntParser.processRegister(GruntParser.java:433)
	at org.apache.pig.tools.pigscript.parser.PigScriptParser.parse(PigScriptParser.java:445)
	at org.apache.pig.tools.grunt.GruntParser.parseStopOnError(GruntParser.java:194)
	at org.apache.pig.tools.grunt.GruntParser.parseStopOnError(GruntParser.java:170)
	at org.apache.pig.tools.grunt.Grunt.run(Grunt.java:69)
	at org.apache.pig.Main.run(Main.java:538)
	at org.apache.pig.Main.main(Main.java:157)
	at sun.reflect.NativeMethodAccessorImpl.invoke0(Native Method)
	at sun.reflect.NativeMethodAccessorImpl.invoke(NativeMethodAccessorImpl.java:39)
	at sun.reflect.DelegatingMethodAccessorImpl.invoke(DelegatingMethodAccessorImpl.java:25)
	at java.lang.reflect.Method.invoke(Method.java:597)
	at org.apache.hadoop.util.RunJar.main(RunJar.java:208)
================================================================================
Pig Stack Trace
---------------
ERROR 1070: Could not resolve compute_metrics using imports: [, org.apache.pig.builtin., org.apache.pig.impl.builtin.]

Failed to parse: Pig script failed to parse: 
<line 9, column 64> Failed to generate logical plan. Nested exception: org.apache.pig.backend.executionengine.ExecException: ERROR 1070: Could not resolve compute_metrics using imports: [, org.apache.pig.builtin., org.apache.pig.impl.builtin.]
	at org.apache.pig.parser.QueryParserDriver.parse(QueryParserDriver.java:191)
	at org.apache.pig.PigServer$Graph.validateQuery(PigServer.java:1571)
	at org.apache.pig.PigServer$Graph.registerQuery(PigServer.java:1544)
	at org.apache.pig.PigServer.registerQuery(PigServer.java:516)
	at org.apache.pig.tools.grunt.GruntParser.processPig(GruntParser.java:991)
	at org.apache.pig.tools.pigscript.parser.PigScriptParser.parse(PigScriptParser.java:412)
	at org.apache.pig.tools.grunt.GruntParser.parseStopOnError(GruntParser.java:194)
	at org.apache.pig.tools.grunt.GruntParser.parseStopOnError(GruntParser.java:170)
	at org.apache.pig.tools.grunt.Grunt.run(Grunt.java:69)
	at org.apache.pig.Main.run(Main.java:538)
	at org.apache.pig.Main.main(Main.java:157)
	at sun.reflect.NativeMethodAccessorImpl.invoke0(Native Method)
	at sun.reflect.NativeMethodAccessorImpl.invoke(NativeMethodAccessorImpl.java:39)
	at sun.reflect.DelegatingMethodAccessorImpl.invoke(DelegatingMethodAccessorImpl.java:25)
	at java.lang.reflect.Method.invoke(Method.java:597)
	at org.apache.hadoop.util.RunJar.main(RunJar.java:208)
Caused by: 
<line 9, column 64> Failed to generate logical plan. Nested exception: org.apache.pig.backend.executionengine.ExecException: ERROR 1070: Could not resolve compute_metrics using imports: [, org.apache.pig.builtin., org.apache.pig.impl.builtin.]
	at org.apache.pig.parser.LogicalPlanBuilder.buildUDF(LogicalPlanBuilder.java:1405)
	at org.apache.pig.parser.LogicalPlanGenerator.func_eval(LogicalPlanGenerator.java:8381)
	at org.apache.pig.parser.LogicalPlanGenerator.projectable_expr(LogicalPlanGenerator.java:9926)
	at org.apache.pig.parser.LogicalPlanGenerator.var_expr(LogicalPlanGenerator.java:9700)
	at org.apache.pig.parser.LogicalPlanGenerator.expr(LogicalPlanGenerator.java:9051)
	at org.apache.pig.parser.LogicalPlanGenerator.flatten_generated_item(LogicalPlanGenerator.java:6973)
	at org.apache.pig.parser.LogicalPlanGenerator.generate_clause(LogicalPlanGenerator.java:15920)
	at org.apache.pig.parser.LogicalPlanGenerator.foreach_plan(LogicalPlanGenerator.java:14312)
	at org.apache.pig.parser.LogicalPlanGenerator.foreach_clause(LogicalPlanGenerator.java:14179)
	at org.apache.pig.parser.LogicalPlanGenerator.op_clause(LogicalPlanGenerator.java:1623)
	at org.apache.pig.parser.LogicalPlanGenerator.general_statement(LogicalPlanGenerator.java:799)
	at org.apache.pig.parser.LogicalPlanGenerator.statement(LogicalPlanGenerator.java:517)
	at org.apache.pig.parser.LogicalPlanGenerator.query(LogicalPlanGenerator.java:392)
	at org.apache.pig.parser.QueryParserDriver.parse(QueryParserDriver.java:184)
	... 15 more
Caused by: org.apache.pig.backend.executionengine.ExecException: ERROR 1070: Could not resolve compute_metrics using imports: [, org.apache.pig.builtin., org.apache.pig.impl.builtin.]
	at org.apache.pig.impl.PigContext.resolveClassName(PigContext.java:523)
	at org.apache.pig.impl.PigContext.getClassForAlias(PigContext.java:639)
	at org.apache.pig.parser.LogicalPlanBuilder.buildUDF(LogicalPlanBuilder.java:1402)
	... 28 more
================================================================================
