Pig Stack Trace
---------------
ERROR 1200: Pig script failed to parse: 
<line 3, column 70> Undefined alias: proper_data

Failed to parse: Pig script failed to parse: 
<line 3, column 70> Undefined alias: proper_data
	at org.apache.pig.parser.QueryParserDriver.parse(QueryParserDriver.java:191)
	at org.apache.pig.PigServer$Graph.validateQuery(PigServer.java:1571)
	at org.apache.pig.PigServer$Graph.registerQuery(PigServer.java:1544)
	at org.apache.pig.PigServer.registerQuery(PigServer.java:516)
	at org.apache.pig.tools.grunt.GruntParser.processPig(GruntParser.java:991)
	at org.apache.pig.tools.pigscript.parser.PigScriptParser.parse(PigScriptParser.java:412)
	at org.apache.pig.tools.grunt.GruntParser.parseStopOnError(GruntParser.java:194)
	at org.apache.pig.tools.grunt.GruntParser.parseStopOnError(GruntParser.java:170)
	at org.apache.pig.tools.grunt.Grunt.run(Grunt.java:69)
	at org.apache.pig.Main.run(Main.java:538)
	at org.apache.pig.Main.main(Main.java:157)
	at sun.reflect.NativeMethodAccessorImpl.invoke0(Native Method)
	at sun.reflect.NativeMethodAccessorImpl.invoke(NativeMethodAccessorImpl.java:39)
	at sun.reflect.DelegatingMethodAccessorImpl.invoke(DelegatingMethodAccessorImpl.java:25)
	at java.lang.reflect.Method.invoke(Method.java:597)
	at org.apache.hadoop.util.RunJar.main(RunJar.java:208)
Caused by: 
<line 3, column 70> Undefined alias: proper_data
	at org.apache.pig.parser.AstValidator.validateAliasRef(AstValidator.java:256)
	at org.apache.pig.parser.AstValidator.rel(AstValidator.java:6029)
	at org.apache.pig.parser.AstValidator.join_item(AstValidator.java:11857)
	at org.apache.pig.parser.AstValidator.join_sub_clause(AstValidator.java:11757)
	at org.apache.pig.parser.AstValidator.join_clause(AstValidator.java:11432)
	at org.apache.pig.parser.AstValidator.op_clause(AstValidator.java:1441)
	at org.apache.pig.parser.AstValidator.general_statement(AstValidator.java:729)
	at org.apache.pig.parser.AstValidator.statement(AstValidator.java:448)
	at org.apache.pig.parser.AstValidator.query(AstValidator.java:336)
	at org.apache.pig.parser.QueryParserDriver.validateAst(QueryParserDriver.java:249)
	at org.apache.pig.parser.QueryParserDriver.parse(QueryParserDriver.java:181)
	... 15 more
================================================================================
Pig Stack Trace
---------------
ERROR 1200: Pig script failed to parse: 
<line 3, column 31> Undefined alias: joined_bugs_by_file

Failed to parse: Pig script failed to parse: 
<line 3, column 31> Undefined alias: joined_bugs_by_file
	at org.apache.pig.parser.QueryParserDriver.parse(QueryParserDriver.java:191)
	at org.apache.pig.PigServer$Graph.validateQuery(PigServer.java:1571)
	at org.apache.pig.PigServer$Graph.registerQuery(PigServer.java:1544)
	at org.apache.pig.PigServer.registerQuery(PigServer.java:516)
	at org.apache.pig.tools.grunt.GruntParser.processPig(GruntParser.java:991)
	at org.apache.pig.tools.pigscript.parser.PigScriptParser.parse(PigScriptParser.java:412)
	at org.apache.pig.tools.grunt.GruntParser.parseStopOnError(GruntParser.java:194)
	at org.apache.pig.tools.grunt.GruntParser.parseStopOnError(GruntParser.java:170)
	at org.apache.pig.tools.grunt.Grunt.run(Grunt.java:69)
	at org.apache.pig.Main.run(Main.java:538)
	at org.apache.pig.Main.main(Main.java:157)
	at sun.reflect.NativeMethodAccessorImpl.invoke0(Native Method)
	at sun.reflect.NativeMethodAccessorImpl.invoke(NativeMethodAccessorImpl.java:39)
	at sun.reflect.DelegatingMethodAccessorImpl.invoke(DelegatingMethodAccessorImpl.java:25)
	at java.lang.reflect.Method.invoke(Method.java:597)
	at org.apache.hadoop.util.RunJar.main(RunJar.java:208)
Caused by: 
<line 3, column 31> Undefined alias: joined_bugs_by_file
	at org.apache.pig.parser.AstValidator.validateAliasRef(AstValidator.java:256)
	at org.apache.pig.parser.AstValidator.rel(AstValidator.java:6029)
	at org.apache.pig.parser.AstValidator.foreach_clause(AstValidator.java:12380)
	at org.apache.pig.parser.AstValidator.op_clause(AstValidator.java:1541)
	at org.apache.pig.parser.AstValidator.general_statement(AstValidator.java:729)
	at org.apache.pig.parser.AstValidator.statement(AstValidator.java:448)
	at org.apache.pig.parser.AstValidator.query(AstValidator.java:336)
	at org.apache.pig.parser.QueryParserDriver.validateAst(QueryParserDriver.java:249)
	at org.apache.pig.parser.QueryParserDriver.parse(QueryParserDriver.java:181)
	... 15 more
================================================================================
Pig Stack Trace
---------------
ERROR 1200: Pig script failed to parse: 
<line 3, column 11> Undefined alias: labeled_data_by_file

Failed to parse: Pig script failed to parse: 
<line 3, column 11> Undefined alias: labeled_data_by_file
	at org.apache.pig.parser.QueryParserDriver.parse(QueryParserDriver.java:191)
	at org.apache.pig.PigServer$Graph.validateQuery(PigServer.java:1571)
	at org.apache.pig.PigServer$Graph.registerQuery(PigServer.java:1544)
	at org.apache.pig.PigServer.registerQuery(PigServer.java:516)
	at org.apache.pig.tools.grunt.GruntParser.processPig(GruntParser.java:991)
	at org.apache.pig.tools.pigscript.parser.PigScriptParser.parse(PigScriptParser.java:412)
	at org.apache.pig.tools.grunt.GruntParser.parseStopOnError(GruntParser.java:194)
	at org.apache.pig.tools.grunt.GruntParser.parseStopOnError(GruntParser.java:170)
	at org.apache.pig.tools.grunt.Grunt.run(Grunt.java:69)
	at org.apache.pig.Main.run(Main.java:538)
	at org.apache.pig.Main.main(Main.java:157)
	at sun.reflect.NativeMethodAccessorImpl.invoke0(Native Method)
	at sun.reflect.NativeMethodAccessorImpl.invoke(NativeMethodAccessorImpl.java:39)
	at sun.reflect.DelegatingMethodAccessorImpl.invoke(DelegatingMethodAccessorImpl.java:25)
	at java.lang.reflect.Method.invoke(Method.java:597)
	at org.apache.hadoop.util.RunJar.main(RunJar.java:208)
Caused by: 
<line 3, column 11> Undefined alias: labeled_data_by_file
	at org.apache.pig.parser.AstValidator.validateAliasRef(AstValidator.java:256)
	at org.apache.pig.parser.AstValidator.rel(AstValidator.java:6029)
	at org.apache.pig.parser.AstValidator.filter_clause(AstValidator.java:6603)
	at org.apache.pig.parser.AstValidator.op_clause(AstValidator.java:1301)
	at org.apache.pig.parser.AstValidator.general_statement(AstValidator.java:729)
	at org.apache.pig.parser.AstValidator.statement(AstValidator.java:448)
	at org.apache.pig.parser.AstValidator.query(AstValidator.java:336)
	at org.apache.pig.parser.QueryParserDriver.validateAst(QueryParserDriver.java:249)
	at org.apache.pig.parser.QueryParserDriver.parse(QueryParserDriver.java:181)
	... 15 more
================================================================================
